./ll2rbe.pro
./chinit.pro
./txtgetkey.pro
./getfile.pro
./imgunder.pro
./js2ymds.pro
./ll2rb.pro
./put_scale.pro
./mandelbrot.pro
./monthnames.pro
./naxes.pro
./path.pro
./polystat.pro
./psimg.pro
./rb2ll.pro
./resget.pro
./sechms.pro
./secstr.pro
./tetris.pro
./unit.pro
./veri.pro
./set_scale.pro
./sunaltazi.pro
./zpan.pro
./arrow2.pro
./prwindow.pro
./point.pro
./gifadd.pro
./screenjpeg.pro
./map_put_scale.pro
./map_set_scale.pro
./wgs_84.pro
./yy2yyyy.pro
./monthnum.pro
./zwindow.pro
./eqv3.pro
./eqv3_load_help.pro
./color_wheel.pro
./exif_reader.pro
./xview.pro
./img_rotate.pro
./img_resize.pro
./img_smooth.pro
./img_stretch.pro
./img_hsv.pro
./xcursor.pro
./crossi.pro
./getwrd.pro
./pointid.pro
./tprint.pro
./textplot.pro
./sundisk.pro
./img_radial.pro
./img_shift.pro
./screenpng.pro
./pngscreen.pro
./findplace.pro
./img_shape.pro
./img_rgb.pro
./winlist.pro
./utnow.pro
./terminator__define.pro
./img_extract.pro
./img_redim.pro
./img_splitrgb.pro
./img_subimg.pro
./img_adjhsv.pro
./img_split.pro
./img_merge.pro
./img_insimg.pro
./stringform.pro
./rb2lle.pro
./ell_ll2rb.pro
./ell_rb2ll.pro
./ell_llh2xyz.pro
./ell_xyz2llh.pro
./line_fit.pro
./invinterp.pro
./img_cfilter.pro
./img_illuminate.pro
./whichwrd.pro
./img_repclr.pro
./img_wclr.pro
./img_clrw.pro
./one2three.pro
./three2one.pro
./month2name.pro
./lastchr.pro
./firstchr.pro
./limbox.pro
./mapgc.pro
./plot_limbox.pro
./cw_droplist2.pro
./mandel_gif.pro
./convert_list.pro
